<?xml version="1.0" encoding="UTF-8"?>
<!-- Generated by org.testng.reporters.JUnitReportReporter -->
<testsuite skipped="0" hostname="mukta" name="cart.test.caseOneTest" tests="1" failures="0" timestamp="2021-02-05T10:34:51 IST" time="25.342" errors="0">
  <testcase name="testcase" time="25.342" classname="cart.test.caseOneTest"/>
  <system-out/>
</testsuite> <!-- cart.test.caseOneTest -->
