<?xml version="1.0" encoding="UTF-8"?>
<!-- Generated by org.testng.reporters.JUnitReportReporter -->
<testsuite skipped="0" hostname="mukta" name="cart.test.AddToCartTest" tests="2" failures="0" timestamp="2021-02-05T11:56:49 IST" time="24.790" errors="0">
  <testcase name="testcase" time="20.648" classname="cart.test.AddToCartTest"/>
  <system-out/>
  <testcase name="testcase2" time="4.142" classname="cart.test.AddToCartTest"/>
  <system-out/>
</testsuite> <!-- cart.test.AddToCartTest -->
