<?xml version="1.0" encoding="UTF-8"?>
<!-- Generated by org.testng.reporters.JUnitReportReporter -->
<testsuite skipped="0" hostname="mukta" name="cart.test.AddToCartTest" tests="3" failures="0" timestamp="2021-02-05T14:51:50 IST" time="30.145" errors="0">
  <testcase name="testcase" time="22.495" classname="cart.test.AddToCartTest"/>
  <system-out/>
  <testcase name="testcase2" time="7.348" classname="cart.test.AddToCartTest"/>
  <system-out/>
  <testcase name="testcase3" time="0.302" classname="cart.test.AddToCartTest"/>
  <system-out/>
</testsuite> <!-- cart.test.AddToCartTest -->
